2023-01-16 15:10:56,735 INFO  [Log] Succseefully application open 
2023-01-16 15:22:54,645 INFO  [Log] Succseefully application open 
2023-01-16 15:22:55,966 INFO  [Log] USer login details is verified 
2023-01-16 15:22:56,127 INFO  [Log] Pim Functionality working 
2023-01-16 15:22:59,225 INFO  [Log] Add Employee 
2023-01-16 15:22:59,281 INFO  [Log] User hits on logout action 
2023-01-16 15:22:59,991 INFO  [Log] Session teriminated 
2023-01-16 15:39:47,491 INFO  [Log] Succseefully application open 
2023-01-16 15:39:49,606 INFO  [Log] USer login details is verified 
2023-01-16 15:39:49,782 INFO  [Log] Pim Functionality working 
2023-01-16 15:39:52,883 INFO  [Log] Add Employee 
2023-01-16 15:41:04,074 INFO  [Log] Succseefully application open 
2023-01-16 15:41:05,492 INFO  [Log] USer login details is verified 
2023-01-16 15:41:05,657 INFO  [Log] Pim Functionality working 
2023-01-16 15:41:08,738 INFO  [Log] Add Employee 
2023-01-16 15:41:55,834 INFO  [Log] Succseefully application open 
2023-01-16 15:42:02,072 INFO  [Log] USer login details is verified 
2023-01-16 15:42:02,266 INFO  [Log] Pim Functionality working 
2023-01-16 15:42:05,395 INFO  [Log] Add Employee 
2023-01-16 15:43:07,559 INFO  [Log] Succseefully application open 
2023-01-16 15:43:12,540 INFO  [Log] USer login details is verified 
2023-01-16 15:43:12,719 INFO  [Log] Pim Functionality working 
2023-01-16 15:43:15,817 INFO  [Log] Add Employee 
2023-01-16 15:43:20,355 INFO  [Log] Employee Details added successfully 
2023-01-16 15:43:20,355 INFO  [Log] Photo upload successfully 
2023-01-16 15:43:20,416 INFO  [Log] User hits on logout action 
2023-01-16 15:43:24,117 INFO  [Log] Session teriminated 
2023-01-16 15:54:02,153 INFO  [Log] Succseefully application open 
2023-01-16 15:54:06,540 INFO  [Log] USer login details is verified 
2023-01-16 15:54:06,757 INFO  [Log] Pim Functionality working 
2023-01-16 15:54:09,860 INFO  [Log] Add Employee 
2023-01-16 15:57:46,595 INFO  [Log] Succseefully application open 
2023-01-16 15:57:48,119 INFO  [Log] USer login details is verified 
2023-01-16 15:57:48,287 INFO  [Log] Pim Functionality working 
2023-01-16 15:57:51,373 INFO  [Log] Add Employee 
2023-01-16 15:58:27,405 INFO  [Log] Succseefully application open 
2023-01-16 15:58:28,946 INFO  [Log] USer login details is verified 
2023-01-16 15:58:29,104 INFO  [Log] Pim Functionality working 
2023-01-16 15:58:32,180 INFO  [Log] Add Employee 
2023-01-16 15:59:21,576 INFO  [Log] Succseefully application open 
2023-01-16 15:59:22,683 INFO  [Log] USer login details is verified 
2023-01-16 15:59:22,857 INFO  [Log] Pim Functionality working 
2023-01-16 15:59:25,924 INFO  [Log] Add Employee 
2023-01-16 15:59:29,766 INFO  [Log] Employee Details added successfully 
2023-01-16 15:59:29,766 INFO  [Log] Photo upload successfully 
2023-01-16 15:59:29,827 INFO  [Log] User hits on logout action 
2023-01-16 15:59:30,205 INFO  [Log] Session teriminated 
2023-01-16 16:01:18,111 INFO  [Log] Succseefully application open 
2023-01-16 16:01:19,577 INFO  [Log] USer login details is verified 
2023-01-16 16:01:19,747 INFO  [Log] Pim Functionality working 
2023-01-16 16:01:22,824 INFO  [Log] Add Employee 
2023-01-16 16:01:35,443 INFO  [Log] Employee Details added successfully 
2023-01-16 16:01:35,443 INFO  [Log] Photo upload successfully 
2023-01-16 16:01:35,497 INFO  [Log] User hits on logout action 
2023-01-16 16:01:51,763 INFO  [Log] Session teriminated 
2023-01-16 16:30:17,993 INFO  [Log] Succseefully application open 
2023-01-16 16:30:19,670 INFO  [Log] USer login details is verified 
2023-01-16 16:30:19,861 INFO  [Log] Pim Functionality working 
2023-01-16 16:30:22,949 INFO  [Log] Add Employee 
2023-01-16 16:30:30,153 INFO  [Log] Employee Details added successfully 
2023-01-16 16:30:30,154 INFO  [Log] Photo upload successfully 
2023-01-16 16:30:30,202 INFO  [Log] User hits on logout action 
2023-01-16 16:30:30,717 INFO  [Log] Session teriminated 
2023-01-16 19:07:56,166 INFO  [Log] Succseefully application open 
2023-01-16 19:08:07,427 INFO  [Log] USer login details is verified 
2023-01-16 19:08:07,656 INFO  [Log] Pim Functionality working 
2023-01-16 19:08:10,749 INFO  [Log] Add Employee 
2023-01-16 19:08:26,124 INFO  [Log] Employee Details added successfully 
2023-01-16 19:08:26,124 INFO  [Log] Photo upload successfully 
2023-01-16 19:08:26,185 INFO  [Log] User hits on logout action 
2023-01-16 19:08:28,268 INFO  [Log] Session teriminated 
2023-01-16 19:21:22,995 INFO  [Log] Succseefully application open 
2023-01-16 19:21:28,224 INFO  [Log] USer login details is verified 
2023-01-16 19:21:28,432 INFO  [Log] Pim Functionality working 
2023-01-16 19:21:31,558 INFO  [Log] Add Employee 
2023-01-16 19:21:39,266 INFO  [Log] Employee Details added successfully 
2023-01-16 19:21:39,266 INFO  [Log] Photo upload successfully 
2023-01-16 19:21:39,321 INFO  [Log] User hits on logout action 
2023-01-16 19:21:40,039 INFO  [Log] Session teriminated 
2023-01-16 19:22:51,939 INFO  [Log] Succseefully application open 
2023-01-16 19:22:53,495 INFO  [Log] USer login details is verified 
2023-01-16 19:22:53,654 INFO  [Log] Pim Functionality working 
2023-01-16 19:22:56,761 INFO  [Log] Add Employee 
2023-01-16 19:23:06,532 INFO  [Log] Employee Details added successfully 
2023-01-16 19:23:06,532 INFO  [Log] Photo upload successfully 
2023-01-16 19:23:06,593 INFO  [Log] User hits on logout action 
2023-01-16 19:23:08,511 INFO  [Log] Session teriminated 
2023-01-16 19:23:15,892 INFO  [Log] Succseefully application open 
2023-01-16 19:23:20,523 INFO  [Log] USer login details is verified 
2023-01-16 19:23:20,942 INFO  [Log] Session teriminated 
2023-01-16 19:45:34,514 INFO  [Log] Succseefully application open 
2023-01-16 19:45:36,009 INFO  [Log] USer login details is verified 
2023-01-16 19:45:36,183 INFO  [Log] Pim Functionality working 
2023-01-16 19:45:39,281 INFO  [Log] Add Employee 
2023-01-16 19:45:46,341 INFO  [Log] Employee Details added successfully 
2023-01-16 19:45:46,341 INFO  [Log] Photo upload successfully 
2023-01-16 19:45:46,403 INFO  [Log] User hits on logout action 
2023-01-16 19:45:47,009 INFO  [Log] Session teriminated 
2023-01-16 19:46:44,190 INFO  [Log] Succseefully application open 
2023-01-16 19:46:45,929 INFO  [Log] USer login details is verified 
2023-01-16 19:46:46,125 INFO  [Log] Pim Functionality working 
2023-01-16 19:46:49,221 INFO  [Log] Add Employee 
2023-01-16 19:46:56,621 INFO  [Log] Employee Details added successfully 
2023-01-16 19:46:56,621 INFO  [Log] Photo upload successfully 
2023-01-16 19:46:56,680 INFO  [Log] User hits on logout action 
2023-01-16 19:46:57,314 INFO  [Log] Session teriminated 
